ARM GAS  /tmp/ccyqyAxT.s 			page 1


   1              		.syntax unified
   2              		.cpu cortex-m3
   3              		.fpu softvfp
   4              		.eabi_attribute 20, 1
   5              		.eabi_attribute 21, 1
   6              		.eabi_attribute 23, 3
   7              		.eabi_attribute 24, 1
   8              		.eabi_attribute 25, 1
   9              		.eabi_attribute 26, 1
  10              		.eabi_attribute 30, 4
  11              		.eabi_attribute 34, 1
  12              		.eabi_attribute 18, 4
  13              		.thumb
  14              		.file	"main.c"
  15              		.section	.text.SystemClock_Config,"ax",%progbits
  16              		.align	1
  17              		.global	SystemClock_Config
  18              		.thumb
  19              		.thumb_func
  21              	SystemClock_Config:
  22              		@ args = 0, pretend = 0, frame = 80
  23              		@ frame_needed = 0, uses_anonymous_args = 0
  24 0000 30B5     		push	{r4, r5, lr}
  25 0002 0523     		movs	r3, #5
  26 0004 95B0     		sub	sp, sp, #84
  27 0006 0A93     		str	r3, [sp, #40]
  28 0008 4FF48033 		mov	r3, #65536
  29 000c 0124     		movs	r4, #1
  30 000e 0B93     		str	r3, [sp, #44]
  31 0010 0022     		movs	r2, #0
  32 0012 0225     		movs	r5, #2
  33 0014 1293     		str	r3, [sp, #72]
  34 0016 0AA8     		add	r0, sp, #40
  35 0018 4FF44013 		mov	r3, #3145728
  36 001c 0C92     		str	r2, [sp, #48]
  37 001e 0D94     		str	r4, [sp, #52]
  38 0020 0E94     		str	r4, [sp, #56]
  39 0022 1195     		str	r5, [sp, #68]
  40 0024 1393     		str	r3, [sp, #76]
  41 0026 FFF7FEFF 		bl	HAL_RCC_OscConfig
  42 002a 00B1     		cbz	r0, .L2
  43              	.L8:
  44 002c FEE7     		b	.L8
  45              	.L2:
  46 002e 0F23     		movs	r3, #15
  47 0030 0593     		str	r3, [sp, #20]
  48 0032 0790     		str	r0, [sp, #28]
  49 0034 4FF48063 		mov	r3, #1024
  50 0038 0990     		str	r0, [sp, #36]
  51 003a 2946     		mov	r1, r5
  52 003c 05A8     		add	r0, sp, #20
  53 003e 0695     		str	r5, [sp, #24]
  54 0040 0893     		str	r3, [sp, #32]
  55 0042 FFF7FEFF 		bl	HAL_RCC_ClockConfig
  56 0046 00B1     		cbz	r0, .L4
  57              	.L9:
  58 0048 FEE7     		b	.L9
ARM GAS  /tmp/ccyqyAxT.s 			page 2


  59              	.L4:
  60 004a 4FF48073 		mov	r3, #256
  61 004e 01A8     		add	r0, sp, #4
  62 0050 0194     		str	r4, [sp, #4]
  63 0052 0293     		str	r3, [sp, #8]
  64 0054 FFF7FEFF 		bl	HAL_RCCEx_PeriphCLKConfig
  65 0058 0446     		mov	r4, r0
  66 005a 00B1     		cbz	r0, .L6
  67              	.L10:
  68 005c FEE7     		b	.L10
  69              	.L6:
  70 005e FFF7FEFF 		bl	HAL_RCC_GetHCLKFreq
  71 0062 4FF47A73 		mov	r3, #1000
  72 0066 B0FBF3F0 		udiv	r0, r0, r3
  73 006a FFF7FEFF 		bl	HAL_SYSTICK_Config
  74 006e 0420     		movs	r0, #4
  75 0070 FFF7FEFF 		bl	HAL_SYSTICK_CLKSourceConfig
  76 0074 4FF0FF30 		mov	r0, #-1
  77 0078 2146     		mov	r1, r4
  78 007a 2246     		mov	r2, r4
  79 007c FFF7FEFF 		bl	HAL_NVIC_SetPriority
  80 0080 15B0     		add	sp, sp, #84
  81              		@ sp needed
  82 0082 30BD     		pop	{r4, r5, pc}
  84              		.section	.text.MX_SPI1_Init,"ax",%progbits
  85              		.align	1
  86              		.global	MX_SPI1_Init
  87              		.thumb
  88              		.thumb_func
  90              	MX_SPI1_Init:
  91              		@ args = 0, pretend = 0, frame = 0
  92              		@ frame_needed = 0, uses_anonymous_args = 0
  93 0000 08B5     		push	{r3, lr}
  94 0002 0F4A     		ldr	r2, .L18
  95 0004 0F4B     		ldr	r3, .L18+4
  96 0006 4FF4827C 		mov	ip, #260
  97 000a 83E80410 		stmia	r3, {r2, ip}
  98 000e 0022     		movs	r2, #0
  99 0010 9042     		cmp	r0, r2
 100 0012 4FF40071 		mov	r1, #512
 101 0016 9961     		str	r1, [r3, #24]
 102 0018 14BF     		ite	ne
 103 001a 1146     		movne	r1, r2
 104 001c 0821     		moveq	r1, #8
 105 001e 9A60     		str	r2, [r3, #8]
 106 0020 DA60     		str	r2, [r3, #12]
 107 0022 1A61     		str	r2, [r3, #16]
 108 0024 5A61     		str	r2, [r3, #20]
 109 0026 1A62     		str	r2, [r3, #32]
 110 0028 5A62     		str	r2, [r3, #36]
 111 002a 9A62     		str	r2, [r3, #40]
 112 002c 1846     		mov	r0, r3
 113 002e 0A22     		movs	r2, #10
 114 0030 D961     		str	r1, [r3, #28]
 115 0032 DA62     		str	r2, [r3, #44]
 116 0034 FFF7FEFF 		bl	HAL_SPI_Init
 117 0038 00B1     		cbz	r0, .L12
ARM GAS  /tmp/ccyqyAxT.s 			page 3


 118              	.L17:
 119 003a FEE7     		b	.L17
 120              	.L12:
 121 003c 08BD     		pop	{r3, pc}
 122              	.L19:
 123 003e 00BF     		.align	2
 124              	.L18:
 125 0040 00300140 		.word	1073819648
 126 0044 00000000 		.word	hspi1
 128              		.section	.text.startup.main,"ax",%progbits
 129              		.align	1
 130              		.global	main
 131              		.thumb
 132              		.thumb_func
 134              	main:
 135              		@ Volatile: function does not return.
 136              		@ args = 0, pretend = 0, frame = 40
 137              		@ frame_needed = 0, uses_anonymous_args = 0
 138 0000 00B5     		push	{lr}
 139 0002 8BB0     		sub	sp, sp, #44
 140 0004 FFF7FEFF 		bl	HAL_Init
 141 0008 FFF7FEFF 		bl	SystemClock_Config
 142 000c 564B     		ldr	r3, .L32
 143 000e 5748     		ldr	r0, .L32+4
 144 0010 9A69     		ldr	r2, [r3, #24]
 145 0012 1C21     		movs	r1, #28
 146 0014 42F01002 		orr	r2, r2, #16
 147 0018 9A61     		str	r2, [r3, #24]
 148 001a 9A69     		ldr	r2, [r3, #24]
 149 001c 0124     		movs	r4, #1
 150 001e 02F01002 		and	r2, r2, #16
 151 0022 0292     		str	r2, [sp, #8]
 152 0024 029A     		ldr	r2, [sp, #8]
 153 0026 9A69     		ldr	r2, [r3, #24]
 154 0028 0325     		movs	r5, #3
 155 002a 42F02002 		orr	r2, r2, #32
 156 002e 9A61     		str	r2, [r3, #24]
 157 0030 9A69     		ldr	r2, [r3, #24]
 158 0032 0026     		movs	r6, #0
 159 0034 02F02002 		and	r2, r2, #32
 160 0038 0392     		str	r2, [sp, #12]
 161 003a 039A     		ldr	r2, [sp, #12]
 162 003c 9A69     		ldr	r2, [r3, #24]
 163 003e 42F00402 		orr	r2, r2, #4
 164 0042 9A61     		str	r2, [r3, #24]
 165 0044 9A69     		ldr	r2, [r3, #24]
 166 0046 02F00402 		and	r2, r2, #4
 167 004a 0492     		str	r2, [sp, #16]
 168 004c 049A     		ldr	r2, [sp, #16]
 169 004e 9A69     		ldr	r2, [r3, #24]
 170 0050 42F00802 		orr	r2, r2, #8
 171 0054 9A61     		str	r2, [r3, #24]
 172 0056 9B69     		ldr	r3, [r3, #24]
 173 0058 0022     		movs	r2, #0
 174 005a 03F00803 		and	r3, r3, #8
 175 005e 0593     		str	r3, [sp, #20]
 176 0060 059B     		ldr	r3, [sp, #20]
ARM GAS  /tmp/ccyqyAxT.s 			page 4


 177 0062 FFF7FEFF 		bl	HAL_GPIO_WritePin
 178 0066 4148     		ldr	r0, .L32+4
 179 0068 0221     		movs	r1, #2
 180 006a 0122     		movs	r2, #1
 181 006c FFF7FEFF 		bl	HAL_GPIO_WritePin
 182 0070 3F48     		ldr	r0, .L32+8
 183 0072 4FF40051 		mov	r1, #8192
 184 0076 0022     		movs	r2, #0
 185 0078 FFF7FEFF 		bl	HAL_GPIO_WritePin
 186 007c 3C48     		ldr	r0, .L32+8
 187 007e 4FF44061 		mov	r1, #3072
 188 0082 0122     		movs	r2, #1
 189 0084 FFF7FEFF 		bl	HAL_GPIO_WritePin
 190 0088 0022     		movs	r2, #0
 191 008a 3948     		ldr	r0, .L32+8
 192 008c 4FF48051 		mov	r1, #4096
 193 0090 FFF7FEFF 		bl	HAL_GPIO_WritePin
 194 0094 1E23     		movs	r3, #30
 195 0096 3548     		ldr	r0, .L32+4
 196 0098 06A9     		add	r1, sp, #24
 197 009a 0693     		str	r3, [sp, #24]
 198 009c 0995     		str	r5, [sp, #36]
 199 009e 0794     		str	r4, [sp, #28]
 200 00a0 FFF7FEFF 		bl	HAL_GPIO_Init
 201 00a4 4FF43053 		mov	r3, #11264
 202 00a8 3148     		ldr	r0, .L32+8
 203 00aa 06A9     		add	r1, sp, #24
 204 00ac 0693     		str	r3, [sp, #24]
 205 00ae 0995     		str	r5, [sp, #36]
 206 00b0 0794     		str	r4, [sp, #28]
 207 00b2 FFF7FEFF 		bl	HAL_GPIO_Init
 208 00b6 2F4B     		ldr	r3, .L32+12
 209 00b8 2C48     		ldr	r0, .L32+4
 210 00ba 06A9     		add	r1, sp, #24
 211 00bc 0793     		str	r3, [sp, #28]
 212 00be 0896     		str	r6, [sp, #32]
 213 00c0 0694     		str	r4, [sp, #24]
 214 00c2 FFF7FEFF 		bl	HAL_GPIO_Init
 215 00c6 4FF48053 		mov	r3, #4096
 216 00ca 2948     		ldr	r0, .L32+8
 217 00cc 06A9     		add	r1, sp, #24
 218 00ce 0693     		str	r3, [sp, #24]
 219 00d0 0995     		str	r5, [sp, #36]
 220 00d2 0794     		str	r4, [sp, #28]
 221 00d4 284D     		ldr	r5, .L32+16
 222 00d6 FFF7FEFF 		bl	HAL_GPIO_Init
 223 00da 4FF47E73 		mov	r3, #1016
 224 00de 2448     		ldr	r0, .L32+8
 225 00e0 06A9     		add	r1, sp, #24
 226 00e2 0693     		str	r3, [sp, #24]
 227 00e4 0796     		str	r6, [sp, #28]
 228 00e6 0894     		str	r4, [sp, #32]
 229 00e8 FFF7FEFF 		bl	HAL_GPIO_Init
 230 00ec 234B     		ldr	r3, .L32+20
 231 00ee 2846     		mov	r0, r5
 232 00f0 2146     		mov	r1, r4
 233 00f2 2B60     		str	r3, [r5]
ARM GAS  /tmp/ccyqyAxT.s 			page 5


 234 00f4 43F2F226 		movw	r6, #13042
 235 00f8 FFF7FEFF 		bl	HAL_RTCEx_BKUPRead
 236 00fc B042     		cmp	r0, r6
 237 00fe 2BD0     		beq	.L21
 238 0100 4FF0FF33 		mov	r3, #-1
 239 0104 6B60     		str	r3, [r5, #4]
 240 0106 2846     		mov	r0, r5
 241 0108 4FF48073 		mov	r3, #256
 242 010c AB60     		str	r3, [r5, #8]
 243 010e FFF7FEFF 		bl	HAL_RTC_Init
 244 0112 00B1     		cbz	r0, .L22
 245              	.L29:
 246 0114 FEE7     		b	.L29
 247              	.L22:
 248 0116 8DF80500 		strb	r0, [sp, #5]
 249 011a 8DF80600 		strb	r0, [sp, #6]
 250 011e 01A9     		add	r1, sp, #4
 251 0120 2846     		mov	r0, r5
 252 0122 2246     		mov	r2, r4
 253 0124 8DF80440 		strb	r4, [sp, #4]
 254 0128 FFF7FEFF 		bl	HAL_RTC_SetTime
 255 012c 00B1     		cbz	r0, .L24
 256              	.L30:
 257 012e FEE7     		b	.L30
 258              	.L24:
 259 0130 8DF81B00 		strb	r0, [sp, #27]
 260 0134 06A9     		add	r1, sp, #24
 261 0136 2846     		mov	r0, r5
 262 0138 2246     		mov	r2, r4
 263 013a 8DF81840 		strb	r4, [sp, #24]
 264 013e 8DF81940 		strb	r4, [sp, #25]
 265 0142 8DF81A40 		strb	r4, [sp, #26]
 266 0146 FFF7FEFF 		bl	HAL_RTC_SetDate
 267 014a 00B1     		cbz	r0, .L26
 268              	.L31:
 269 014c FEE7     		b	.L31
 270              	.L26:
 271 014e 2846     		mov	r0, r5
 272 0150 2146     		mov	r1, r4
 273 0152 3246     		mov	r2, r6
 274 0154 FFF7FEFF 		bl	HAL_RTCEx_BKUPWrite
 275              	.L21:
 276 0158 0020     		movs	r0, #0
 277 015a FFF7FEFF 		bl	MX_SPI1_Init
 278 015e FFF7FEFF 		bl	minit
 279              	.L28:
 280 0162 FFF7FEFF 		bl	mloop
 281 0166 FCE7     		b	.L28
 282              	.L33:
 283              		.align	2
 284              	.L32:
 285 0168 00100240 		.word	1073876992
 286 016c 00080140 		.word	1073809408
 287 0170 000C0140 		.word	1073810432
 288 0174 00002110 		.word	270598144
 289 0178 00000000 		.word	hrtc
 290 017c 00280040 		.word	1073752064
ARM GAS  /tmp/ccyqyAxT.s 			page 6


 292              		.section	.text._Error_Handler,"ax",%progbits
 293              		.align	1
 294              		.global	_Error_Handler
 295              		.thumb
 296              		.thumb_func
 298              	_Error_Handler:
 299              		@ Volatile: function does not return.
 300              		@ args = 0, pretend = 0, frame = 0
 301              		@ frame_needed = 0, uses_anonymous_args = 0
 302              		@ link register save eliminated.
 303              	.L35:
 304 0000 FEE7     		b	.L35
 306              		.comm	hspi1,88,4
 307              		.comm	hrtc,20,4
 308              		.ident	"GCC: (15:4.9.3+svn231177-1) 4.9.3 20150529 (prerelease)"
ARM GAS  /tmp/ccyqyAxT.s 			page 7


DEFINED SYMBOLS
                            *ABS*:0000000000000000 main.c
     /tmp/ccyqyAxT.s:16     .text.SystemClock_Config:0000000000000000 $t
     /tmp/ccyqyAxT.s:21     .text.SystemClock_Config:0000000000000000 SystemClock_Config
     /tmp/ccyqyAxT.s:85     .text.MX_SPI1_Init:0000000000000000 $t
     /tmp/ccyqyAxT.s:90     .text.MX_SPI1_Init:0000000000000000 MX_SPI1_Init
     /tmp/ccyqyAxT.s:125    .text.MX_SPI1_Init:0000000000000040 $d
                            *COM*:0000000000000058 hspi1
     /tmp/ccyqyAxT.s:129    .text.startup.main:0000000000000000 $t
     /tmp/ccyqyAxT.s:134    .text.startup.main:0000000000000000 main
     /tmp/ccyqyAxT.s:285    .text.startup.main:0000000000000168 $d
                            *COM*:0000000000000014 hrtc
     /tmp/ccyqyAxT.s:293    .text._Error_Handler:0000000000000000 $t
     /tmp/ccyqyAxT.s:298    .text._Error_Handler:0000000000000000 _Error_Handler

UNDEFINED SYMBOLS
HAL_RCC_OscConfig
HAL_RCC_ClockConfig
HAL_RCCEx_PeriphCLKConfig
HAL_RCC_GetHCLKFreq
HAL_SYSTICK_Config
HAL_SYSTICK_CLKSourceConfig
HAL_NVIC_SetPriority
HAL_SPI_Init
HAL_Init
HAL_GPIO_WritePin
HAL_GPIO_Init
HAL_RTCEx_BKUPRead
HAL_RTC_Init
HAL_RTC_SetTime
HAL_RTC_SetDate
HAL_RTCEx_BKUPWrite
minit
mloop
