ARM GAS  /tmp/ccQ0S4LE.s 			page 1


   1              		.syntax unified
   2              		.cpu cortex-m3
   3              		.fpu softvfp
   4              		.eabi_attribute 20, 1
   5              		.eabi_attribute 21, 1
   6              		.eabi_attribute 23, 3
   7              		.eabi_attribute 24, 1
   8              		.eabi_attribute 25, 1
   9              		.eabi_attribute 26, 1
  10              		.eabi_attribute 30, 4
  11              		.eabi_attribute 34, 1
  12              		.eabi_attribute 18, 4
  13              		.thumb
  14              		.file	"stm32f1xx_hal_gpio_ex.c"
  15              		.section	.text.HAL_GPIOEx_ConfigEventout,"ax",%progbits
  16              		.align	1
  17              		.global	HAL_GPIOEx_ConfigEventout
  18              		.thumb
  19              		.thumb_func
  21              	HAL_GPIOEx_ConfigEventout:
  22              		@ args = 0, pretend = 0, frame = 0
  23              		@ frame_needed = 0, uses_anonymous_args = 0
  24              		@ link register save eliminated.
  25 0000 034A     		ldr	r2, .L2
  26 0002 1368     		ldr	r3, [r2]
  27 0004 23F07F03 		bic	r3, r3, #127
  28 0008 1943     		orrs	r1, r1, r3
  29 000a 0843     		orrs	r0, r0, r1
  30 000c 1060     		str	r0, [r2]
  31 000e 7047     		bx	lr
  32              	.L3:
  33              		.align	2
  34              	.L2:
  35 0010 00000140 		.word	1073807360
  37              		.section	.text.HAL_GPIOEx_EnableEventout,"ax",%progbits
  38              		.align	1
  39              		.global	HAL_GPIOEx_EnableEventout
  40              		.thumb
  41              		.thumb_func
  43              	HAL_GPIOEx_EnableEventout:
  44              		@ args = 0, pretend = 0, frame = 0
  45              		@ frame_needed = 0, uses_anonymous_args = 0
  46              		@ link register save eliminated.
  47 0000 024A     		ldr	r2, .L5
  48 0002 1368     		ldr	r3, [r2]
  49 0004 43F08003 		orr	r3, r3, #128
  50 0008 1360     		str	r3, [r2]
  51 000a 7047     		bx	lr
  52              	.L6:
  53              		.align	2
  54              	.L5:
  55 000c 00000140 		.word	1073807360
  57              		.section	.text.HAL_GPIOEx_DisableEventout,"ax",%progbits
  58              		.align	1
  59              		.global	HAL_GPIOEx_DisableEventout
  60              		.thumb
  61              		.thumb_func
ARM GAS  /tmp/ccQ0S4LE.s 			page 2


  63              	HAL_GPIOEx_DisableEventout:
  64              		@ args = 0, pretend = 0, frame = 0
  65              		@ frame_needed = 0, uses_anonymous_args = 0
  66              		@ link register save eliminated.
  67 0000 024A     		ldr	r2, .L8
  68 0002 1368     		ldr	r3, [r2]
  69 0004 23F08003 		bic	r3, r3, #128
  70 0008 1360     		str	r3, [r2]
  71 000a 7047     		bx	lr
  72              	.L9:
  73              		.align	2
  74              	.L8:
  75 000c 00000140 		.word	1073807360
  77              		.ident	"GCC: (15:4.9.3+svn231177-1) 4.9.3 20150529 (prerelease)"
ARM GAS  /tmp/ccQ0S4LE.s 			page 3


DEFINED SYMBOLS
                            *ABS*:0000000000000000 stm32f1xx_hal_gpio_ex.c
     /tmp/ccQ0S4LE.s:16     .text.HAL_GPIOEx_ConfigEventout:0000000000000000 $t
     /tmp/ccQ0S4LE.s:21     .text.HAL_GPIOEx_ConfigEventout:0000000000000000 HAL_GPIOEx_ConfigEventout
     /tmp/ccQ0S4LE.s:35     .text.HAL_GPIOEx_ConfigEventout:0000000000000010 $d
     /tmp/ccQ0S4LE.s:38     .text.HAL_GPIOEx_EnableEventout:0000000000000000 $t
     /tmp/ccQ0S4LE.s:43     .text.HAL_GPIOEx_EnableEventout:0000000000000000 HAL_GPIOEx_EnableEventout
     /tmp/ccQ0S4LE.s:55     .text.HAL_GPIOEx_EnableEventout:000000000000000c $d
     /tmp/ccQ0S4LE.s:58     .text.HAL_GPIOEx_DisableEventout:0000000000000000 $t
     /tmp/ccQ0S4LE.s:63     .text.HAL_GPIOEx_DisableEventout:0000000000000000 HAL_GPIOEx_DisableEventout
     /tmp/ccQ0S4LE.s:75     .text.HAL_GPIOEx_DisableEventout:000000000000000c $d

NO UNDEFINED SYMBOLS
